0 info it worked if it ends with ok
1 verbose cli [ 'C:\\Program Files\\nodejs\\node.exe',
1 verbose cli   'C:\\Program Files\\nodejs\\node_modules\\npm\\bin\\npm-cli.js',
1 verbose cli   'search',
1 verbose cli   'requirejs' ]
2 info using npm@3.10.3
3 info using node@v6.3.0
4 silly mapToRegistry name -/all
5 silly mapToRegistry using default registry
6 silly mapToRegistry registry https://registry.npmjs.org/
7 silly mapToRegistry data Result {
7 silly mapToRegistry   raw: '-/all',
7 silly mapToRegistry   scope: null,
7 silly mapToRegistry   escapedName: null,
7 silly mapToRegistry   name: null,
7 silly mapToRegistry   rawSpec: '-/all',
7 silly mapToRegistry   spec: '-/all',
7 silly mapToRegistry   type: 'local' }
8 silly mapToRegistry uri https://registry.npmjs.org/-/all
9 info updateIndex C:\Users\zpeine\AppData\Roaming\npm-cache\registry.npmjs.org\-\all\.cache.json
10 verbose correctMkdir C:\Users\zpeine\AppData\Roaming\npm-cache correctMkdir not in flight; initializing
11 warn Building the local index for the first time, please be patient
12 silly update-index fetching https://registry.npmjs.org/-/all
13 verbose request uri https://registry.npmjs.org/-/all
14 verbose request no auth needed
15 info attempt registry request try #1 at 2:16:04 PM
16 verbose request id da9f1166c9c7e260
17 http request GET https://registry.npmjs.org/-/all
18 http 200 https://registry.npmjs.org/-/all
19 verbose headers { server: 'nginx/1.4.6 (Ubuntu)',
19 verbose headers   'content-type': 'text/plain',
19 verbose headers   'last-modified': 'Mon, 26 Sep 2016 17:20:01 GMT',
19 verbose headers   etag: '"57e958c1-0"',
19 verbose headers   expires: 'Mon, 26 Sep 2016 18:46:16 GMT',
19 verbose headers   'access-control-allow-origin': '*',
19 verbose headers   'access-control-allow-methods': 'GET',
19 verbose headers   'cache-control': 'max-age=3600',
19 verbose headers   'content-length': '0',
19 verbose headers   'accept-ranges': 'bytes',
19 verbose headers   date: 'Mon, 26 Sep 2016 18:16:05 GMT',
19 verbose headers   via: '1.1 varnish',
19 verbose headers   age: '1789',
19 verbose headers   connection: 'keep-alive',
19 verbose headers   'x-served-by': 'cache-ord1720-ORD',
19 verbose headers   'x-cache': 'HIT',
19 verbose headers   'x-cache-hits': '1',
19 verbose headers   'x-timer': 'S1474913765.053379,VS0,VE0' }
20 verbose stack TypeError: Cannot read property '_updated' of undefined
20 verbose stack     at C:\Program Files\nodejs\node_modules\npm\lib\cache\update-index.js:88:26
20 verbose stack     at C:\Program Files\nodejs\node_modules\npm\lib\utils\pulse-till-done.js:20:8
20 verbose stack     at C:\Program Files\nodejs\node_modules\npm\lib\cache\caching-client.js:53:8
20 verbose stack     at f (C:\Program Files\nodejs\node_modules\npm\node_modules\once\once.js:17:25)
20 verbose stack     at C:\Program Files\nodejs\node_modules\npm\node_modules\npm-registry-client\lib\request.js:76:16
20 verbose stack     at f (C:\Program Files\nodejs\node_modules\npm\node_modules\once\once.js:17:25)
20 verbose stack     at CachingRegistryClient.<anonymous> (C:\Program Files\nodejs\node_modules\npm\node_modules\npm-registry-client\lib\request.js:259:12)
20 verbose stack     at Request._callback (C:\Program Files\nodejs\node_modules\npm\node_modules\npm-registry-client\lib\request.js:172:14)
20 verbose stack     at Request.self.callback (C:\Program Files\nodejs\node_modules\npm\node_modules\request\request.js:200:22)
20 verbose stack     at emitTwo (events.js:106:13)
21 verbose cwd C:\Development\code\z\UI\pd-pager\examples\vanillajs
22 error Windows_NT 6.1.7601
23 error argv "C:\\Program Files\\nodejs\\node.exe" "C:\\Program Files\\nodejs\\node_modules\\npm\\bin\\npm-cli.js" "search" "requirejs"
24 error node v6.3.0
25 error npm  v3.10.3
26 error Cannot read property '_updated' of undefined
27 error If you need help, you may report this error at:
27 error     <https://github.com/npm/npm/issues>
28 verbose exit [ 1, true ]
